<?xml version="1.0" encoding="UTF-8"?>
<!-- Generated by org.testng.reporters.JUnitReportReporter -->
<testsuite skipped="0" hostname="LAPTOP-D4D1U2F3" name="com.restapi.testing.APItesting.Test01_GET" tests="2" failures="0" timestamp="24 Jun 2020 07:41:03 GMT" time="9.939" errors="0">
  <testcase name="test_02" time="1.602" classname="com.restapi.testing.APItesting.Test01_GET"/>
  <testcase name="test_01" time="8.337" classname="com.restapi.testing.APItesting.Test01_GET"/>
</testsuite> <!-- com.restapi.testing.APItesting.Test01_GET -->
